<?xml version="1.0" encoding="UTF-8"?>
<!-- Generated by org.testng.reporters.JUnitReportReporter -->
<testsuite skipped="0" hostname="LGUS5010" name="com.travel.interfacestest.HomePageInterfaceTest" tests="4" failures="0" timestamp="03 May 2017 21:52:26 GMT" time="3.547" errors="0">
  <testcase name="featuredHotelsExist" time="1.570" classname="com.travel.interfacestest.HomePageInterfaceTest"/>
  <testcase name="clickMyAccount" time="0.898" classname="com.travel.interfacestest.HomePageInterfaceTest"/>
  <testcase name="headerExist" time="0.797" classname="com.travel.interfacestest.HomePageInterfaceTest"/>
  <testcase name="tabHeaderExist" time="0.282" classname="com.travel.interfacestest.HomePageInterfaceTest"/>
</testsuite> <!-- com.travel.interfacestest.HomePageInterfaceTest -->
